<?xml version="1.0" encoding="UTF-8"?>
<!-- Generated by org.testng.reporters.JUnitReportReporter -->
<testsuite skipped="0" hostname="DESKTOP-9Q7LS9C" name="LoginSignupTest" tests="1" failures="0" timestamp="24 Jan 2021 20:21:18 GMT" time="2.091" errors="0">
  <testcase name="VerifyLoginAPI" time="2.091" classname="LoginSignupTest"/>
</testsuite> <!-- LoginSignupTest -->
