<?xml version="1.0" encoding="UTF-8"?>
<!-- Generated by org.testng.reporters.JUnitReportReporter -->
<testsuite skipped="0" hostname="DESKTOP-9Q7LS9C" name="Pyxis.RestAssured.APITest.LoginSignupTest" tests="1" failures="0" timestamp="27 Dec 2020 08:34:42 GMT" time="3.990" errors="0">
  <testcase name="VerifyRegisterAPI" time="3.990" classname="Pyxis.RestAssured.APITest.LoginSignupTest"/>
</testsuite> <!-- Pyxis.RestAssured.APITest.LoginSignupTest -->
