<?xml version="1.0" encoding="UTF-8"?>
<!-- Generated by org.testng.reporters.JUnitReportReporter -->
<testsuite skipped="0" hostname="DESKTOP-9Q7LS9C" name="LoginSignupTest" tests="4" failures="0" timestamp="12 Jan 2021 13:51:41 GMT" time="7.310" errors="0">
  <testcase name="VerifyRegisterAPI" time="3.531" classname="LoginSignupTest"/>
  <testcase name="VerifyLoginAPI" time="1.115" classname="LoginSignupTest"/>
  <testcase name="VerifyDetailsAPI" time="1.580" classname="LoginSignupTest"/>
  <testcase name="VerifyQueuedScheuled" time="1.084" classname="LoginSignupTest"/>
</testsuite> <!-- LoginSignupTest -->
